# JRE version: OpenJDK Runtime Environment Temurin-17.0.9+9 (17.0.9+9) (build 17.0.9+9)
# Java VM: OpenJDK 64-Bit Server VM Temurin-17.0.9+9 (17.0.9+9, mixed mode, sharing, tiered, compressed oops, compressed class ptrs, g1 gc, windows-amd64)
GC Precious Log:
 CPUs: 6 total, 6 available
 Memory: 16265M
 Large Page Support: Disabled
 NUMA Support: Disabled
 Compressed Oops: Enabled (Zero based)
 Heap Region Size: 2M
 Heap Min Capacity: 8M
 Heap Initial Capacity: 256M
 Heap Max Capacity: 4068M
 Pre-touch: Disabled
 Parallel Workers: 6
 Concurrent Workers: 2
 Concurrent Refinement Workers: 6
 Periodic GC: Disabled
Heap:
 garbage-first heap   total 159744K, used 107034K [0x0000000701c00000, 0x0000000800000000)
  region size 2048K, 40 young (81920K), 1 survivors (2048K)
 Metaspace       used 32436K, committed 32768K, reserved 1114112K
  class space    used 3893K, committed 4032K, reserved 1048576K
GC Heap History (20 events):
Event: 4.057 GC heap before
{Heap before GC invocations=5 (full 0):
 garbage-first heap   total 55296K, used 17471K [0x0000000701c00000, 0x0000000800000000)
  region size 2048K, 3 young (6144K), 2 survivors (4096K)
 Metaspace       used 26725K, committed 27008K, reserved 1114112K
  class space    used 3222K, committed 3392K, reserved 1048576K
}
Event: 4.059 GC heap after
{Heap after GC invocations=6 (full 0):
 garbage-first heap   total 55296K, used 18215K [0x0000000701c00000, 0x0000000800000000)
  region size 2048K, 1 young (2048K), 1 survivors (2048K)
 Metaspace       used 26725K, committed 27008K, reserved 1114112K
  class space    used 3222K, committed 3392K, reserved 1048576K
}
Event: 9.722 GC heap before
{Heap before GC invocations=6 (full 0):
 garbage-first heap   total 55296K, used 32551K [0x0000000701c00000, 0x0000000800000000)
  region size 2048K, 9 young (18432K), 1 survivors (2048K)
 Metaspace       used 28733K, committed 29056K, reserved 1114112K
  class space    used 3447K, committed 3584K, reserved 1048576K
}
Event: 9.726 GC heap after
{Heap after GC invocations=7 (full 0):
 garbage-first heap   total 55296K, used 20821K [0x0000000701c00000, 0x0000000800000000)
  region size 2048K, 2 young (4096K), 2 survivors (4096K)
 Metaspace       used 28733K, committed 29056K, reserved 1114112K
  class space    used 3447K, committed 3584K, reserved 1048576K
}
Event: 10.330 GC heap before
{Heap before GC invocations=7 (full 0):
 garbage-first heap   total 55296K, used 33109K [0x0000000701c00000, 0x0000000800000000)
  region size 2048K, 9 young (18432K), 2 survivors (4096K)
 Metaspace       used 30770K, committed 31104K, reserved 1114112K
  class space    used 3730K, committed 3904K, reserved 1048576K
}
Event: 10.331 GC heap after
{Heap after GC invocations=8 (full 0):
 garbage-first heap   total 55296K, used 21775K [0x0000000701c00000, 0x0000000800000000)
  region size 2048K, 1 young (2048K), 1 survivors (2048K)
 Metaspace       used 30770K, committed 31104K, reserved 1114112K
  class space    used 3730K, committed 3904K, reserved 1048576K
}
Event: 10.563 GC heap before
{Heap before GC invocations=8 (full 0):
 garbage-first heap   total 55296K, used 36111K [0x0000000701c00000, 0x0000000800000000)
  region size 2048K, 8 young (16384K), 1 survivors (2048K)
 Metaspace       used 31634K, committed 31936K, reserved 1114112K
  class space    used 3835K, committed 3968K, reserved 1048576K
}
Event: 10.564 GC heap after
{Heap after GC invocations=9 (full 0):
 garbage-first heap   total 55296K, used 23359K [0x0000000701c00000, 0x0000000800000000)
  region size 2048K, 1 young (2048K), 1 survivors (2048K)
 Metaspace       used 31634K, committed 31936K, reserved 1114112K
  class space    used 3835K, committed 3968K, reserved 1048576K
}
Event: 10.670 GC heap before
{Heap before GC invocations=9 (full 0):
 garbage-first heap   total 55296K, used 39743K [0x0000000701c00000, 0x0000000800000000)
  region size 2048K, 9 young (18432K), 1 survivors (2048K)
 Metaspace       used 31698K, committed 32000K, reserved 1114112K
  class space    used 3835K, committed 3968K, reserved 1048576K
}
Event: 10.672 GC heap after
{Heap after GC invocations=10 (full 0):
 garbage-first heap   total 55296K, used 25029K [0x0000000701c00000, 0x0000000800000000)
  region size 2048K, 2 young (4096K), 2 survivors (4096K)
 Metaspace       used 31698K, committed 32000K, reserved 1114112K
  class space    used 3835K, committed 3968K, reserved 1048576K
}
Event: 10.838 GC heap before
{Heap before GC invocations=10 (full 0):
 garbage-first heap   total 55296K, used 39365K [0x0000000701c00000, 0x0000000800000000)
  region size 2048K, 9 young (18432K), 2 survivors (4096K)
 Metaspace       used 32270K, committed 32576K, reserved 1114112K
  class space    used 3886K, committed 4032K, reserved 1048576K
}
Event: 10.840 GC heap after
{Heap after GC invocations=11 (full 0):
 garbage-first heap   total 55296K, used 26410K [0x0000000701c00000, 0x0000000800000000)
  region size 2048K, 2 young (4096K), 2 survivors (4096K)
 Metaspace       used 32270K, committed 32576K, reserved 1114112K
  class space    used 3886K, committed 4032K, reserved 1048576K
}
Event: 10.977 GC heap before
{Heap before GC invocations=11 (full 0):
 garbage-first heap   total 55296K, used 40746K [0x0000000701c00000, 0x0000000800000000)
  region size 2048K, 9 young (18432K), 2 survivors (4096K)
 Metaspace       used 32334K, committed 32640K, reserved 1114112K
  class space    used 3886K, committed 4032K, reserved 1048576K
}
Event: 10.978 GC heap after
{Heap after GC invocations=12 (full 0):
 garbage-first heap   total 55296K, used 27180K [0x0000000701c00000, 0x0000000800000000)
  region size 2048K, 2 young (4096K), 2 survivors (4096K)
 Metaspace       used 32334K, committed 32640K, reserved 1114112K
  class space    used 3886K, committed 4032K, reserved 1048576K
}
Event: 11.004 GC heap before
{Heap before GC invocations=12 (full 0):
 garbage-first heap   total 55296K, used 37420K [0x0000000701c00000, 0x0000000800000000)
  region size 2048K, 8 young (16384K), 2 survivors (4096K)
 Metaspace       used 32340K, committed 32640K, reserved 1114112K
  class space    used 3886K, committed 4032K, reserved 1048576K
}
Event: 11.005 GC heap after
{Heap after GC invocations=13 (full 0):
 garbage-first heap   total 55296K, used 28415K [0x0000000701c00000, 0x0000000800000000)
  region size 2048K, 1 young (2048K), 1 survivors (2048K)
 Metaspace       used 32340K, committed 32640K, reserved 1114112K
  class space    used 3886K, committed 4032K, reserved 1048576K
}
Event: 11.137 GC heap before
{Heap before GC invocations=14 (full 0):
 garbage-first heap   total 55296K, used 42751K [0x0000000701c00000, 0x0000000800000000)
  region size 2048K, 8 young (16384K), 1 survivors (2048K)
 Metaspace       used 32378K, committed 32704K, reserved 1114112K
  class space    used 3888K, committed 4032K, reserved 1048576K
}
Event: 11.138 GC heap after
{Heap after GC invocations=15 (full 0):
 garbage-first heap   total 55296K, used 29580K [0x0000000701c00000, 0x0000000800000000)
  region size 2048K, 1 young (2048K), 1 survivors (2048K)
 Metaspace       used 32378K, committed 32704K, reserved 1114112K
  class space    used 3888K, committed 4032K, reserved 1048576K
}
Event: 11.146 GC heap before
{Heap before GC invocations=15 (full 0):
 garbage-first heap   total 55296K, used 31628K [0x0000000701c00000, 0x0000000800000000)
  region size 2048K, 2 young (4096K), 1 survivors (2048K)
 Metaspace       used 32378K, committed 32704K, reserved 1114112K
  class space    used 3888K, committed 4032K, reserved 1048576K
}
Event: 11.148 GC heap after
{Heap after GC invocations=16 (full 0):
 garbage-first heap   total 159744K, used 29210K [0x0000000701c00000, 0x0000000800000000)
  region size 2048K, 1 young (2048K), 1 survivors (2048K)
 Metaspace       used 32378K, committed 32704K, reserved 1114112K
  class space    used 3888K, committed 4032K, reserved 1048576K
}

